[09:42:12] [Server thread/INFO]: Starting minecraft server version 1.12.2
[09:42:12] [Server thread/INFO]: Loading properties
[09:42:12] [Server thread/INFO]: Default game type: SURVIVAL
[09:42:12] [Server thread/INFO]: This server is running CraftBukkit version git-Spigot-79a30d7-f4830a1 (MC: 1.12.2) (Implementing API version 1.12.2-R0.1-SNAPSHOT)
[09:42:12] [Server thread/INFO]: Debug logging is disabled
[09:42:12] [Server thread/INFO]: Server Ping Player Sample Count: 12
[09:42:12] [Server thread/INFO]: Using 4 threads for Netty based IO
[09:42:12] [Server thread/INFO]: Generating keypair
[09:42:12] [Server thread/INFO]: Starting Minecraft server on 127.0.0.1:25565
[09:42:12] [Server thread/INFO]: Using epoll channel type
[09:42:12] [Server thread/WARN]: **** SERVER IS RUNNING IN OFFLINE/INSECURE MODE!
[09:42:12] [Server thread/WARN]: The server will make no attempt to authenticate usernames. Beware.
[09:42:12] [Server thread/WARN]: While this makes the game possible to play without internet access, it also opens up the ability for hackers to connect with any username they choose.
[09:42:12] [Server thread/WARN]: To change this, set "online-mode" to "true" in the server.properties file.
[09:42:12] [Server thread/INFO]: **** Beginning UUID conversion, this may take A LONG time ****
[09:42:12] [Server thread/INFO]: Preparing level "world"
[09:42:12] [Server thread/INFO]: -------- World Settings For [world] --------
[09:42:12] [Server thread/INFO]: Cactus Growth Modifier: 100%
[09:42:12] [Server thread/INFO]: Cane Growth Modifier: 100%
[09:42:12] [Server thread/INFO]: Melon Growth Modifier: 100%
[09:42:12] [Server thread/INFO]: Mushroom Growth Modifier: 100%
[09:42:12] [Server thread/INFO]: Pumpkin Growth Modifier: 100%
[09:42:12] [Server thread/INFO]: Sapling Growth Modifier: 100%
[09:42:12] [Server thread/INFO]: Wheat Growth Modifier: 100%
[09:42:12] [Server thread/INFO]: NetherWart Growth Modifier: 100%
[09:42:12] [Server thread/INFO]: Vine Growth Modifier: 100%
[09:42:12] [Server thread/INFO]: Cocoa Growth Modifier: 100%
[09:42:12] [Server thread/INFO]: Entity Activation Range: An 32 / Mo 32 / Mi 16 / Tiv true
[09:42:12] [Server thread/INFO]: Entity Tracking Range: Pl 48 / An 48 / Mo 48 / Mi 32 / Other 64
[09:42:12] [Server thread/INFO]: Hopper Transfer: 8 Hopper Check: 1 Hopper Amount: 1
[09:42:12] [Server thread/INFO]: Mob Spawn Range: 4
[09:42:12] [Server thread/INFO]: Random Lighting Updates: false
[09:42:12] [Server thread/INFO]: Structure Info Saving: true
[09:42:12] [Server thread/INFO]: Custom Map Seeds:  Village: 10387312 Feature: 14357617 Monument: 10387313 Slime: 987234911
[09:42:12] [Server thread/INFO]: Max TNT Explosions: 100
[09:42:12] [Server thread/INFO]: Tile Max Tick Time: 50ms Entity max Tick Time: 50ms
[09:42:12] [Server thread/INFO]: Item Despawn Rate: 6000
[09:42:12] [Server thread/INFO]: Item Merge Radius: 2.5
[09:42:12] [Server thread/INFO]: Arrow Despawn Rate: 1200
[09:42:12] [Server thread/INFO]: Allow Zombie Pigmen to spawn from portal blocks: true
[09:42:12] [Server thread/INFO]: View Distance: 10
[09:42:12] [Server thread/INFO]: Experience Merge Radius: 3.0
[09:42:12] [Server thread/INFO]: Zombie Aggressive Towards Villager: true
[09:42:12] [Server thread/INFO]: Nerfing mobs spawned from spawners: false
[09:42:13] [Server thread/INFO]: -------- World Settings For [world_nether] --------
[09:42:13] [Server thread/INFO]: Cactus Growth Modifier: 100%
[09:42:13] [Server thread/INFO]: Cane Growth Modifier: 100%
[09:42:13] [Server thread/INFO]: Melon Growth Modifier: 100%
[09:42:13] [Server thread/INFO]: Mushroom Growth Modifier: 100%
[09:42:13] [Server thread/INFO]: Pumpkin Growth Modifier: 100%
[09:42:13] [Server thread/INFO]: Sapling Growth Modifier: 100%
[09:42:13] [Server thread/INFO]: Wheat Growth Modifier: 100%
[09:42:13] [Server thread/INFO]: NetherWart Growth Modifier: 100%
[09:42:13] [Server thread/INFO]: Vine Growth Modifier: 100%
[09:42:13] [Server thread/INFO]: Cocoa Growth Modifier: 100%
[09:42:13] [Server thread/INFO]: Entity Activation Range: An 32 / Mo 32 / Mi 16 / Tiv true
[09:42:13] [Server thread/INFO]: Entity Tracking Range: Pl 48 / An 48 / Mo 48 / Mi 32 / Other 64
[09:42:13] [Server thread/INFO]: Hopper Transfer: 8 Hopper Check: 1 Hopper Amount: 1
[09:42:13] [Server thread/INFO]: Mob Spawn Range: 4
[09:42:13] [Server thread/INFO]: Random Lighting Updates: false
[09:42:13] [Server thread/INFO]: Structure Info Saving: true
[09:42:13] [Server thread/INFO]: Custom Map Seeds:  Village: 10387312 Feature: 14357617 Monument: 10387313 Slime: 987234911
[09:42:13] [Server thread/INFO]: Max TNT Explosions: 100
[09:42:13] [Server thread/INFO]: Tile Max Tick Time: 50ms Entity max Tick Time: 50ms
[09:42:13] [Server thread/INFO]: Item Despawn Rate: 6000
[09:42:13] [Server thread/INFO]: Item Merge Radius: 2.5
[09:42:13] [Server thread/INFO]: Arrow Despawn Rate: 1200
[09:42:13] [Server thread/INFO]: Allow Zombie Pigmen to spawn from portal blocks: true
[09:42:13] [Server thread/INFO]: View Distance: 10
[09:42:13] [Server thread/INFO]: Experience Merge Radius: 3.0
[09:42:13] [Server thread/INFO]: Zombie Aggressive Towards Villager: true
[09:42:13] [Server thread/INFO]: Nerfing mobs spawned from spawners: false
[09:42:13] [Server thread/INFO]: -------- World Settings For [world_the_end] --------
[09:42:13] [Server thread/INFO]: Cactus Growth Modifier: 100%
[09:42:13] [Server thread/INFO]: Cane Growth Modifier: 100%
[09:42:13] [Server thread/INFO]: Melon Growth Modifier: 100%
[09:42:13] [Server thread/INFO]: Mushroom Growth Modifier: 100%
[09:42:13] [Server thread/INFO]: Pumpkin Growth Modifier: 100%
[09:42:13] [Server thread/INFO]: Sapling Growth Modifier: 100%
[09:42:13] [Server thread/INFO]: Wheat Growth Modifier: 100%
[09:42:13] [Server thread/INFO]: NetherWart Growth Modifier: 100%
[09:42:13] [Server thread/INFO]: Vine Growth Modifier: 100%
[09:42:13] [Server thread/INFO]: Cocoa Growth Modifier: 100%
[09:42:13] [Server thread/INFO]: Entity Activation Range: An 32 / Mo 32 / Mi 16 / Tiv true
[09:42:13] [Server thread/INFO]: Entity Tracking Range: Pl 48 / An 48 / Mo 48 / Mi 32 / Other 64
[09:42:13] [Server thread/INFO]: Hopper Transfer: 8 Hopper Check: 1 Hopper Amount: 1
[09:42:13] [Server thread/INFO]: Mob Spawn Range: 4
[09:42:13] [Server thread/INFO]: Random Lighting Updates: false
[09:42:13] [Server thread/INFO]: Structure Info Saving: true
[09:42:13] [Server thread/INFO]: Custom Map Seeds:  Village: 10387312 Feature: 14357617 Monument: 10387313 Slime: 987234911
[09:42:13] [Server thread/INFO]: Max TNT Explosions: 100
[09:42:13] [Server thread/INFO]: Tile Max Tick Time: 50ms Entity max Tick Time: 50ms
[09:42:13] [Server thread/INFO]: Item Despawn Rate: 6000
[09:42:13] [Server thread/INFO]: Item Merge Radius: 2.5
[09:42:13] [Server thread/INFO]: Arrow Despawn Rate: 1200
[09:42:13] [Server thread/INFO]: Allow Zombie Pigmen to spawn from portal blocks: true
[09:42:13] [Server thread/INFO]: View Distance: 10
[09:42:13] [Server thread/INFO]: Experience Merge Radius: 3.0
[09:42:13] [Server thread/INFO]: Zombie Aggressive Towards Villager: true
[09:42:13] [Server thread/INFO]: Nerfing mobs spawned from spawners: false
[09:42:13] [Server thread/INFO]: Preparing start region for level 0 (Seed: 2908616171813910815)
[09:42:14] [Server thread/INFO]: Preparing start region for level 1 (Seed: 2908616171813910815)
[09:42:14] [Server thread/INFO]: Preparing start region for level 2 (Seed: 2908616171813910815)
[09:42:14] [Server thread/INFO]: Server permissions file permissions.yml is empty, ignoring it
[09:42:14] [Server thread/INFO]: Done (1.825s)! For help, type "help" or "?"
[09:42:44] [User Authenticator #1/INFO]: UUID of player civodulap is ac5d3826-d94c-3ba1-b91c-05f8df81869e
[09:42:44] [Server thread/INFO]: civodulap[/127.0.0.1:57104] logged in with entity id 214 at ([world]186.5, 67.0, -137.5)
[09:43:31] [Server thread/INFO]: civodulap lost connection: Disconnected
[09:43:31] [Server thread/INFO]: civodulap left the game
[11:08:52] [Server thread/INFO]: Stopping the server
[11:08:52] [Server thread/INFO]: Stopping server
[11:08:52] [Server thread/INFO]: Saving players
[11:08:52] [Server thread/INFO]: Saving worlds
[11:08:52] [Server thread/INFO]: Saving chunks for level 'world'/overworld
[11:08:52] [Server thread/INFO]: Saving chunks for level 'world_nether'/the_nether
[11:08:52] [Server thread/INFO]: Saving chunks for level 'world_the_end'/the_end
